[0.035s] Invoking command in '/home/sai/ros2_tutorials/build/turtlesim': CMAKE_PREFIX_PATH=${CMAKE_PREFIX_PATH}:/opt/ros/jazzy DEBUGINFOD_URLS=https://debuginfod.ubuntu.com /usr/bin/cmake /home/sai/ros2_tutorials/src/ros_tutorials/turtlesim -DCMAKE_INSTALL_PREFIX=/home/sai/ros2_tutorials/install/turtlesim
[1.602s] -- The C compiler identification is GNU 13.3.0
[2.724s] -- The CXX compiler identification is GNU 13.3.0
[2.893s] -- Detecting C compiler ABI info
[3.152s] -- Detecting C compiler ABI info - done
[3.161s] -- Check for working C compiler: /usr/bin/cc - skipped
[3.161s] -- Detecting C compile features
[3.162s] -- Detecting C compile features - done
[3.241s] -- Detecting CXX compiler ABI info
[3.463s] -- Detecting CXX compiler ABI info - done
[3.474s] -- Check for working CXX compiler: /usr/bin/c++ - skipped
[3.474s] -- Detecting CXX compile features
[3.475s] -- Detecting CXX compile features - done
[3.544s] -- Found ament_cmake: 2.5.4 (/opt/ros/jazzy/share/ament_cmake/cmake)
[3.793s] -- Found Python3: /usr/bin/python3 (found version "3.12.3") found components: Interpreter 
[3.988s] -- Found ament_index_cpp: 1.8.1 (/opt/ros/jazzy/share/ament_index_cpp/cmake)
[4.014s] -- Found geometry_msgs: 5.3.6 (/opt/ros/jazzy/share/geometry_msgs/cmake)
[4.248s] -- Found rosidl_generator_c: 4.6.5 (/opt/ros/jazzy/share/rosidl_generator_c/cmake)
[4.297s] -- Found rosidl_generator_cpp: 4.6.5 (/opt/ros/jazzy/share/rosidl_generator_cpp/cmake)
[4.329s] -- Using all available rosidl_typesupport_c: rosidl_typesupport_fastrtps_c;rosidl_typesupport_introspection_c
[4.367s] -- Using all available rosidl_typesupport_cpp: rosidl_typesupport_fastrtps_cpp;rosidl_typesupport_introspection_cpp
[4.671s] -- Found rcl_interfaces: 2.0.2 (/opt/ros/jazzy/share/rcl_interfaces/cmake)
[4.774s] -- Found rclcpp: 28.1.9 (/opt/ros/jazzy/share/rclcpp/cmake)
[4.893s] -- Found rmw_implementation_cmake: 7.3.2 (/opt/ros/jazzy/share/rmw_implementation_cmake/cmake)
[4.903s] -- Found rmw_fastrtps_cpp: 8.4.2 (/opt/ros/jazzy/share/rmw_fastrtps_cpp/cmake)
[5.298s] -- Found OpenSSL: /usr/lib/x86_64-linux-gnu/libcrypto.so (found version "3.0.13")  
[5.360s] -- Found FastRTPS: /opt/ros/jazzy/include (Required is at least version "2.13") 
[5.390s] -- Using RMW implementation 'rmw_fastrtps_cpp' as default
[5.564s] -- Found rclcpp_action: 28.1.9 (/opt/ros/jazzy/share/rclcpp_action/cmake)
[5.694s] -- Found rosidl_default_generators: 1.6.0 (/opt/ros/jazzy/share/rosidl_default_generators/cmake)
[5.765s] -- Found rosidl_adapter: 4.6.5 (/opt/ros/jazzy/share/rosidl_adapter/cmake)
[5.799s] -- Found std_srvs: 5.3.6 (/opt/ros/jazzy/share/std_srvs/cmake)
[6.605s] -- Found ament_cmake_ros: 0.12.0 (/opt/ros/jazzy/share/ament_cmake_ros/cmake)
[7.380s] -- Using all available rosidl_typesupport_c: rosidl_typesupport_fastrtps_c;rosidl_typesupport_introspection_c
[7.644s] -- Using all available rosidl_typesupport_cpp: rosidl_typesupport_fastrtps_cpp;rosidl_typesupport_introspection_cpp
[7.689s] -- Found python_cmake_module: 0.11.1 (/opt/ros/jazzy/share/python_cmake_module/cmake)
[7.871s] -- Found PythonExtra: /usr/bin/python3  
[9.287s] -- Found Python3: /usr/bin/python3 (found version "3.12.3") found components: Interpreter Development NumPy Development.Module Development.Embed 
[9.366s] -- Found ament_lint_auto: 0.17.2 (/opt/ros/jazzy/share/ament_lint_auto/cmake)
[9.514s] -- Added test 'copyright' to check source files copyright and LICENSE
[9.527s] -- Added test 'cppcheck' to perform static code analysis on C / C++ code
[9.533s] -- Configured cppcheck include dirs: /home/sai/ros2_tutorials/src/ros_tutorials/turtlesim/include
[9.533s] -- Configured cppcheck exclude dirs and/or files: 
[9.540s] -- Added test 'cpplint' to check C / C++ code against the Google style
[9.540s] -- Configured cpplint exclude dirs and/or files: 
[9.542s] -- Added test 'flake8' to check Python code syntax and style conventions
[9.542s] -- Configured 'flake8' exclude dirs and/or files: 
[9.544s] -- Added test 'lint_cmake' to check CMake code style
[9.546s] -- Added test 'pep257' to check Python code against some of the docstring style conventions in PEP 257
[9.550s] -- Added test 'uncrustify' to check C / C++ code style
[9.550s] -- Configured uncrustify additional arguments: 
[9.552s] -- Added test 'xmllint' to check XML markup files
[9.558s] -- Configuring done (9.2s)
[9.709s] -- Generating done (0.1s)
[9.729s] -- Build files have been written to: /home/sai/ros2_tutorials/build/turtlesim
[9.743s] Invoked command in '/home/sai/ros2_tutorials/build/turtlesim' returned '0': CMAKE_PREFIX_PATH=${CMAKE_PREFIX_PATH}:/opt/ros/jazzy DEBUGINFOD_URLS=https://debuginfod.ubuntu.com /usr/bin/cmake /home/sai/ros2_tutorials/src/ros_tutorials/turtlesim -DCMAKE_INSTALL_PREFIX=/home/sai/ros2_tutorials/install/turtlesim
[9.744s] Invoking command in '/home/sai/ros2_tutorials/build/turtlesim': CMAKE_PREFIX_PATH=${CMAKE_PREFIX_PATH}:/opt/ros/jazzy DEBUGINFOD_URLS=https://debuginfod.ubuntu.com /usr/bin/cmake --build /home/sai/ros2_tutorials/build/turtlesim -- -j8 -l8
[9.794s] [  0%] [34m[1mGenerating type hashes for ROS interfaces[0m
[9.802s] [  0%] Built target ament_cmake_python_copy_turtlesim
[10.033s] running egg_info
[10.033s] creating turtlesim.egg-info
[10.054s] writing turtlesim.egg-info/PKG-INFO
[10.054s] writing dependency_links to turtlesim.egg-info/dependency_links.txt
[10.054s] writing top-level names to turtlesim.egg-info/top_level.txt
[10.054s] writing manifest file 'turtlesim.egg-info/SOURCES.txt'
[10.143s] reading manifest file 'turtlesim.egg-info/SOURCES.txt'
[10.143s] writing manifest file 'turtlesim.egg-info/SOURCES.txt'
[10.169s] [  0%] Built target ament_cmake_python_build_turtlesim_egg
[10.190s] [  0%] Built target turtlesim__rosidl_generator_type_description
[10.199s] [  1%] [34m[1mGenerating C code for ROS interfaces[0m
[10.209s] [  2%] [34m[1mGenerating C++ code for ROS interfaces[0m
[11.100s] [  2%] Built target turtlesim__cpp
[11.291s] [  6%] [32mBuilding C object CMakeFiles/turtlesim__rosidl_generator_c.dir/rosidl_generator_c/turtlesim/action/detail/rotate_absolute__description.c.o[0m
[11.291s] [  6%] [32mBuilding C object CMakeFiles/turtlesim__rosidl_generator_c.dir/rosidl_generator_c/turtlesim/action/detail/rotate_absolute__functions.c.o[0m
[11.291s] [  6%] [32mBuilding C object CMakeFiles/turtlesim__rosidl_generator_c.dir/rosidl_generator_c/turtlesim/action/detail/rotate_absolute__type_support.c.o[0m
[11.291s] [  6%] [32mBuilding C object CMakeFiles/turtlesim__rosidl_generator_c.dir/rosidl_generator_c/turtlesim/msg/detail/color__description.c.o[0m
[11.292s] [  7%] [32mBuilding C object CMakeFiles/turtlesim__rosidl_generator_c.dir/rosidl_generator_c/turtlesim/msg/detail/color__functions.c.o[0m
[11.292s] [  7%] [32mBuilding C object CMakeFiles/turtlesim__rosidl_generator_c.dir/rosidl_generator_c/turtlesim/msg/detail/color__type_support.c.o[0m
[11.292s] [  8%] [32mBuilding C object CMakeFiles/turtlesim__rosidl_generator_c.dir/rosidl_generator_c/turtlesim/msg/detail/pose__description.c.o[0m
[11.292s] [  9%] [32mBuilding C object CMakeFiles/turtlesim__rosidl_generator_c.dir/rosidl_generator_c/turtlesim/msg/detail/pose__functions.c.o[0m
[11.691s] [ 10%] [32mBuilding C object CMakeFiles/turtlesim__rosidl_generator_c.dir/rosidl_generator_c/turtlesim/msg/detail/pose__type_support.c.o[0m
[11.756s] [ 11%] [32mBuilding C object CMakeFiles/turtlesim__rosidl_generator_c.dir/rosidl_generator_c/turtlesim/srv/detail/kill__functions.c.o[0m
[11.757s] [ 12%] [32mBuilding C object CMakeFiles/turtlesim__rosidl_generator_c.dir/rosidl_generator_c/turtlesim/srv/detail/kill__description.c.o[0m
[11.774s] [ 13%] [32mBuilding C object CMakeFiles/turtlesim__rosidl_generator_c.dir/rosidl_generator_c/turtlesim/srv/detail/kill__type_support.c.o[0m
[11.795s] [ 13%] [32mBuilding C object CMakeFiles/turtlesim__rosidl_generator_c.dir/rosidl_generator_c/turtlesim/srv/detail/set_pen__description.c.o[0m
[11.819s] [ 15%] [32mBuilding C object CMakeFiles/turtlesim__rosidl_generator_c.dir/rosidl_generator_c/turtlesim/srv/detail/set_pen__functions.c.o[0m
[11.819s] [ 15%] [32mBuilding C object CMakeFiles/turtlesim__rosidl_generator_c.dir/rosidl_generator_c/turtlesim/srv/detail/set_pen__type_support.c.o[0m
[11.843s] [ 16%] [32mBuilding C object CMakeFiles/turtlesim__rosidl_generator_c.dir/rosidl_generator_c/turtlesim/srv/detail/spawn__description.c.o[0m
[11.847s] [ 17%] [32mBuilding C object CMakeFiles/turtlesim__rosidl_generator_c.dir/rosidl_generator_c/turtlesim/srv/detail/spawn__type_support.c.o[0m
[11.848s] [ 18%] [32mBuilding C object CMakeFiles/turtlesim__rosidl_generator_c.dir/rosidl_generator_c/turtlesim/srv/detail/spawn__functions.c.o[0m
[11.875s] [ 19%] [32mBuilding C object CMakeFiles/turtlesim__rosidl_generator_c.dir/rosidl_generator_c/turtlesim/srv/detail/teleport_absolute__description.c.o[0m
[11.885s] [ 20%] [32mBuilding C object CMakeFiles/turtlesim__rosidl_generator_c.dir/rosidl_generator_c/turtlesim/srv/detail/teleport_absolute__functions.c.o[0m
[11.885s] [ 20%] [32mBuilding C object CMakeFiles/turtlesim__rosidl_generator_c.dir/rosidl_generator_c/turtlesim/srv/detail/teleport_absolute__type_support.c.o[0m
[11.912s] [ 21%] [32mBuilding C object CMakeFiles/turtlesim__rosidl_generator_c.dir/rosidl_generator_c/turtlesim/srv/detail/teleport_relative__description.c.o[0m
[11.923s] [ 22%] [32mBuilding C object CMakeFiles/turtlesim__rosidl_generator_c.dir/rosidl_generator_c/turtlesim/srv/detail/teleport_relative__functions.c.o[0m
[11.939s] [ 23%] [32mBuilding C object CMakeFiles/turtlesim__rosidl_generator_c.dir/rosidl_generator_c/turtlesim/srv/detail/teleport_relative__type_support.c.o[0m
[12.003s] [ 24%] [32m[1mLinking C shared library libturtlesim__rosidl_generator_c.so[0m
[12.140s] [ 24%] Built target turtlesim__rosidl_generator_c
[12.174s] [ 26%] [34m[1mGenerating C type support dispatch for ROS interfaces[0m
[12.175s] [ 26%] [34m[1mGenerating C introspection for ROS interfaces[0m
[12.180s] [ 27%] [34m[1mGenerating C++ type support dispatch for ROS interfaces[0m
[12.181s] [ 28%] [34m[1mGenerating C type support for eProsima Fast-RTPS[0m
[12.182s] [ 29%] [34m[1mGenerating C++ type support for eProsima Fast-RTPS[0m
[12.185s] [ 29%] [34m[1mGenerating C++ introspection for ROS interfaces[0m
[12.997s] [ 30%] [32mBuilding C object CMakeFiles/turtlesim__rosidl_typesupport_introspection_c.dir/rosidl_typesupport_introspection_c/turtlesim/action/detail/rotate_absolute__type_support.c.o[0m
[12.998s] [ 31%] [32mBuilding C object CMakeFiles/turtlesim__rosidl_typesupport_introspection_c.dir/rosidl_typesupport_introspection_c/turtlesim/msg/detail/color__type_support.c.o[0m
[12.999s] [ 31%] [32mBuilding C object CMakeFiles/turtlesim__rosidl_typesupport_introspection_c.dir/rosidl_typesupport_introspection_c/turtlesim/msg/detail/pose__type_support.c.o[0m
[13.076s] [ 32%] [32mBuilding C object CMakeFiles/turtlesim__rosidl_typesupport_introspection_c.dir/rosidl_typesupport_introspection_c/turtlesim/srv/detail/kill__type_support.c.o[0m
[13.079s] [ 33%] [32mBuilding C object CMakeFiles/turtlesim__rosidl_typesupport_introspection_c.dir/rosidl_typesupport_introspection_c/turtlesim/srv/detail/set_pen__type_support.c.o[0m
[13.162s] [ 34%] [32mBuilding C object CMakeFiles/turtlesim__rosidl_typesupport_introspection_c.dir/rosidl_typesupport_introspection_c/turtlesim/srv/detail/spawn__type_support.c.o[0m
[13.163s] [ 35%] [32mBuilding C object CMakeFiles/turtlesim__rosidl_typesupport_introspection_c.dir/rosidl_typesupport_introspection_c/turtlesim/srv/detail/teleport_absolute__type_support.c.o[0m
[13.181s] [ 36%] [32mBuilding C object CMakeFiles/turtlesim__rosidl_typesupport_introspection_c.dir/rosidl_typesupport_introspection_c/turtlesim/srv/detail/teleport_relative__type_support.c.o[0m
[13.182s] [ 37%] [32mBuilding CXX object CMakeFiles/turtlesim__rosidl_typesupport_c.dir/rosidl_typesupport_c/turtlesim/action/rotate_absolute__type_support.cpp.o[0m
[13.194s] [ 38%] [32mBuilding CXX object CMakeFiles/turtlesim__rosidl_typesupport_cpp.dir/rosidl_typesupport_cpp/turtlesim/action/rotate_absolute__type_support.cpp.o[0m
[13.234s] [ 39%] [32mBuilding CXX object CMakeFiles/turtlesim__rosidl_typesupport_c.dir/rosidl_typesupport_c/turtlesim/msg/color__type_support.cpp.o[0m
[13.239s] [ 40%] [32mBuilding CXX object CMakeFiles/turtlesim__rosidl_typesupport_cpp.dir/rosidl_typesupport_cpp/turtlesim/msg/color__type_support.cpp.o[0m
[13.257s] [ 41%] [32m[1mLinking C shared library libturtlesim__rosidl_typesupport_introspection_c.so[0m
[13.316s] [ 41%] Built target turtlesim__rosidl_typesupport_introspection_c
[13.332s] [ 42%] [32mBuilding CXX object CMakeFiles/turtlesim__rosidl_typesupport_cpp.dir/rosidl_typesupport_cpp/turtlesim/msg/pose__type_support.cpp.o[0m
[13.436s] [ 43%] [32mBuilding CXX object CMakeFiles/turtlesim__rosidl_typesupport_c.dir/rosidl_typesupport_c/turtlesim/msg/pose__type_support.cpp.o[0m
[13.471s] [ 44%] [32mBuilding CXX object CMakeFiles/turtlesim__rosidl_typesupport_introspection_cpp.dir/rosidl_typesupport_introspection_cpp/turtlesim/action/detail/rotate_absolute__type_support.cpp.o[0m
[13.494s] [ 45%] [32mBuilding CXX object CMakeFiles/turtlesim__rosidl_typesupport_c.dir/rosidl_typesupport_c/turtlesim/srv/kill__type_support.cpp.o[0m
[13.535s] [ 46%] [32mBuilding CXX object CMakeFiles/turtlesim__rosidl_typesupport_c.dir/rosidl_typesupport_c/turtlesim/srv/set_pen__type_support.cpp.o[0m
[13.554s] [ 46%] [32mBuilding CXX object CMakeFiles/turtlesim__rosidl_typesupport_c.dir/rosidl_typesupport_c/turtlesim/srv/spawn__type_support.cpp.o[0m
[13.600s] [ 47%] [32mBuilding CXX object CMakeFiles/turtlesim__rosidl_typesupport_c.dir/rosidl_typesupport_c/turtlesim/srv/teleport_absolute__type_support.cpp.o[0m
[13.621s] [ 48%] [32mBuilding CXX object CMakeFiles/turtlesim__rosidl_typesupport_c.dir/rosidl_typesupport_c/turtlesim/srv/teleport_relative__type_support.cpp.o[0m
[13.676s] [ 48%] [32mBuilding CXX object CMakeFiles/turtlesim__rosidl_typesupport_cpp.dir/rosidl_typesupport_cpp/turtlesim/srv/kill__type_support.cpp.o[0m
[13.697s] [ 49%] [32m[1mLinking CXX shared library libturtlesim__rosidl_typesupport_c.so[0m
[13.732s] [ 50%] [32mBuilding CXX object CMakeFiles/turtlesim__rosidl_typesupport_fastrtps_cpp.dir/rosidl_typesupport_fastrtps_cpp/turtlesim/action/detail/dds_fastrtps/rotate_absolute__type_support.cpp.o[0m
[13.824s] [ 50%] Built target turtlesim__rosidl_typesupport_c
[13.835s] [ 51%] [32mBuilding CXX object CMakeFiles/turtlesim__rosidl_typesupport_fastrtps_cpp.dir/rosidl_typesupport_fastrtps_cpp/turtlesim/msg/detail/dds_fastrtps/color__type_support.cpp.o[0m
[14.131s] [ 51%] [32mBuilding CXX object CMakeFiles/turtlesim__rosidl_typesupport_fastrtps_c.dir/rosidl_typesupport_fastrtps_c/turtlesim/action/detail/rotate_absolute__type_support_c.cpp.o[0m
[14.347s] [ 52%] [32mBuilding CXX object CMakeFiles/turtlesim__rosidl_typesupport_cpp.dir/rosidl_typesupport_cpp/turtlesim/srv/set_pen__type_support.cpp.o[0m
[14.348s] [ 53%] [32mBuilding CXX object CMakeFiles/turtlesim__rosidl_typesupport_fastrtps_cpp.dir/rosidl_typesupport_fastrtps_cpp/turtlesim/msg/detail/dds_fastrtps/pose__type_support.cpp.o[0m
[14.667s] [ 54%] [32mBuilding CXX object CMakeFiles/turtlesim__rosidl_typesupport_cpp.dir/rosidl_typesupport_cpp/turtlesim/srv/spawn__type_support.cpp.o[0m
[14.963s] [ 55%] [32mBuilding CXX object CMakeFiles/turtlesim__rosidl_typesupport_fastrtps_c.dir/rosidl_typesupport_fastrtps_c/turtlesim/msg/detail/color__type_support_c.cpp.o[0m
[15.001s] [ 56%] [32mBuilding CXX object CMakeFiles/turtlesim__rosidl_typesupport_introspection_cpp.dir/rosidl_typesupport_introspection_cpp/turtlesim/msg/detail/color__type_support.cpp.o[0m
[15.137s] [ 57%] [32mBuilding CXX object CMakeFiles/turtlesim__rosidl_typesupport_introspection_cpp.dir/rosidl_typesupport_introspection_cpp/turtlesim/msg/detail/pose__type_support.cpp.o[0m
[15.261s] [ 58%] [32mBuilding CXX object CMakeFiles/turtlesim__rosidl_typesupport_fastrtps_cpp.dir/rosidl_typesupport_fastrtps_cpp/turtlesim/srv/detail/dds_fastrtps/kill__type_support.cpp.o[0m
[15.350s] [ 59%] [32mBuilding CXX object CMakeFiles/turtlesim__rosidl_typesupport_fastrtps_cpp.dir/rosidl_typesupport_fastrtps_cpp/turtlesim/srv/detail/dds_fastrtps/set_pen__type_support.cpp.o[0m
[15.350s] [ 59%] [32mBuilding CXX object CMakeFiles/turtlesim__rosidl_typesupport_introspection_cpp.dir/rosidl_typesupport_introspection_cpp/turtlesim/srv/detail/kill__type_support.cpp.o[0m
[15.376s] [ 60%] [32mBuilding CXX object CMakeFiles/turtlesim__rosidl_typesupport_cpp.dir/rosidl_typesupport_cpp/turtlesim/srv/teleport_absolute__type_support.cpp.o[0m
[15.509s] [ 61%] [32mBuilding CXX object CMakeFiles/turtlesim__rosidl_typesupport_cpp.dir/rosidl_typesupport_cpp/turtlesim/srv/teleport_relative__type_support.cpp.o[0m
[15.645s] [ 62%] [32mBuilding CXX object CMakeFiles/turtlesim__rosidl_typesupport_fastrtps_c.dir/rosidl_typesupport_fastrtps_c/turtlesim/msg/detail/pose__type_support_c.cpp.o[0m
[15.759s] [ 63%] [32mBuilding CXX object CMakeFiles/turtlesim__rosidl_typesupport_fastrtps_cpp.dir/rosidl_typesupport_fastrtps_cpp/turtlesim/srv/detail/dds_fastrtps/spawn__type_support.cpp.o[0m
[15.880s] [ 64%] [32mBuilding CXX object CMakeFiles/turtlesim__rosidl_typesupport_introspection_cpp.dir/rosidl_typesupport_introspection_cpp/turtlesim/srv/detail/set_pen__type_support.cpp.o[0m
[16.072s] [ 65%] [32mBuilding CXX object CMakeFiles/turtlesim__rosidl_typesupport_introspection_cpp.dir/rosidl_typesupport_introspection_cpp/turtlesim/srv/detail/spawn__type_support.cpp.o[0m
[16.151s] [ 66%] [32m[1mLinking CXX shared library libturtlesim__rosidl_typesupport_cpp.so[0m
[16.154s] [ 67%] [32mBuilding CXX object CMakeFiles/turtlesim__rosidl_typesupport_fastrtps_c.dir/rosidl_typesupport_fastrtps_c/turtlesim/srv/detail/kill__type_support_c.cpp.o[0m
[16.275s] [ 68%] [32mBuilding CXX object CMakeFiles/turtlesim__rosidl_typesupport_fastrtps_c.dir/rosidl_typesupport_fastrtps_c/turtlesim/srv/detail/set_pen__type_support_c.cpp.o[0m
[16.343s] [ 69%] [32mBuilding CXX object CMakeFiles/turtlesim__rosidl_typesupport_fastrtps_c.dir/rosidl_typesupport_fastrtps_c/turtlesim/srv/detail/spawn__type_support_c.cpp.o[0m
[16.362s] [ 69%] Built target turtlesim__rosidl_typesupport_cpp
[16.370s] [ 70%] [32mBuilding CXX object CMakeFiles/turtlesim__rosidl_typesupport_fastrtps_cpp.dir/rosidl_typesupport_fastrtps_cpp/turtlesim/srv/detail/dds_fastrtps/teleport_absolute__type_support.cpp.o[0m
[16.420s] [ 70%] [32mBuilding CXX object CMakeFiles/turtlesim__rosidl_typesupport_introspection_cpp.dir/rosidl_typesupport_introspection_cpp/turtlesim/srv/detail/teleport_absolute__type_support.cpp.o[0m
[16.558s] [ 71%] [32mBuilding CXX object CMakeFiles/turtlesim__rosidl_typesupport_fastrtps_cpp.dir/rosidl_typesupport_fastrtps_cpp/turtlesim/srv/detail/dds_fastrtps/teleport_relative__type_support.cpp.o[0m
[16.844s] [ 72%] [34m[1mGenerating include/turtlesim/moc_turtle_frame.cpp[0m
[16.848s] [ 73%] [32mBuilding CXX object CMakeFiles/turtlesim__rosidl_typesupport_fastrtps_c.dir/rosidl_typesupport_fastrtps_c/turtlesim/srv/detail/teleport_absolute__type_support_c.cpp.o[0m
[17.081s] [ 74%] [32mBuilding CXX object CMakeFiles/turtle_teleop_key.dir/tutorials/teleop_turtle_key.cpp.o[0m
[17.104s] [ 75%] [32mBuilding CXX object CMakeFiles/turtlesim__rosidl_typesupport_introspection_cpp.dir/rosidl_typesupport_introspection_cpp/turtlesim/srv/detail/teleport_relative__type_support.cpp.o[0m
[17.121s] [ 75%] [32mBuilding CXX object CMakeFiles/draw_square.dir/tutorials/draw_square.cpp.o[0m
[17.193s] [ 75%] [32mBuilding CXX object CMakeFiles/turtlesim__rosidl_typesupport_fastrtps_c.dir/rosidl_typesupport_fastrtps_c/turtlesim/srv/detail/teleport_relative__type_support_c.cpp.o[0m
[17.338s] [ 76%] [32mBuilding CXX object CMakeFiles/turtlesim_node.dir/src/turtlesim.cpp.o[0m
[17.356s] [ 77%] [32mBuilding CXX object CMakeFiles/turtlesim_node.dir/src/turtle.cpp.o[0m
[17.450s] [ 78%] [32m[1mLinking CXX shared library libturtlesim__rosidl_typesupport_fastrtps_cpp.so[0m
[17.578s] [ 79%] [32mBuilding CXX object CMakeFiles/mimic.dir/tutorials/mimic.cpp.o[0m
[17.744s] [ 80%] [32m[1mLinking CXX shared library libturtlesim__rosidl_typesupport_introspection_cpp.so[0m
[17.812s] [ 80%] Built target turtlesim__rosidl_typesupport_fastrtps_cpp
[17.821s] [ 81%] [32mBuilding CXX object CMakeFiles/turtlesim_node.dir/src/turtle_frame.cpp.o[0m
[17.903s] [ 81%] Built target turtlesim__rosidl_typesupport_introspection_cpp
[17.912s] [ 81%] [32mBuilding CXX object CMakeFiles/turtlesim_node.dir/include/turtlesim/moc_turtle_frame.cpp.o[0m
[17.935s] [ 82%] [32m[1mLinking CXX shared library libturtlesim__rosidl_typesupport_fastrtps_c.so[0m
[18.132s] [ 82%] Built target turtlesim__rosidl_typesupport_fastrtps_c
[18.152s] [ 82%] Built target turtlesim
[18.175s] [ 82%] [34m[1mGenerating Python code for ROS interfaces[0m
[21.451s] [ 82%] Built target turtlesim__py
[21.479s] [ 83%] [32mBuilding C object CMakeFiles/turtlesim__rosidl_generator_py.dir/rosidl_generator_py/turtlesim/action/_rotate_absolute_s.c.o[0m
[22.154s] [ 84%] [32mBuilding C object CMakeFiles/turtlesim__rosidl_generator_py.dir/rosidl_generator_py/turtlesim/msg/_color_s.c.o[0m
[22.372s] [ 84%] [32mBuilding C object CMakeFiles/turtlesim__rosidl_generator_py.dir/rosidl_generator_py/turtlesim/msg/_pose_s.c.o[0m
[22.600s] [ 85%] [32mBuilding C object CMakeFiles/turtlesim__rosidl_generator_py.dir/rosidl_generator_py/turtlesim/srv/_kill_s.c.o[0m
[22.858s] [ 86%] [32mBuilding C object CMakeFiles/turtlesim__rosidl_generator_py.dir/rosidl_generator_py/turtlesim/srv/_set_pen_s.c.o[0m
[23.120s] [ 87%] [32mBuilding C object CMakeFiles/turtlesim__rosidl_generator_py.dir/rosidl_generator_py/turtlesim/srv/_spawn_s.c.o[0m
[23.398s] [ 88%] [32mBuilding C object CMakeFiles/turtlesim__rosidl_generator_py.dir/rosidl_generator_py/turtlesim/srv/_teleport_absolute_s.c.o[0m
[23.659s] [ 89%] [32mBuilding C object CMakeFiles/turtlesim__rosidl_generator_py.dir/rosidl_generator_py/turtlesim/srv/_teleport_relative_s.c.o[0m
[23.922s] [ 90%] [32m[1mLinking C shared library libturtlesim__rosidl_generator_py.so[0m
[24.075s] [ 90%] Built target turtlesim__rosidl_generator_py
[24.104s] [ 91%] [32mBuilding C object CMakeFiles/turtlesim_s__rosidl_typesupport_fastrtps_c.dir/rosidl_generator_py/turtlesim/_turtlesim_s.ep.rosidl_typesupport_fastrtps_c.c.o[0m
[24.445s] [ 92%] [32m[1mLinking C shared module rosidl_generator_py/turtlesim/turtlesim_s__rosidl_typesupport_fastrtps_c.so[0m
[24.498s] [ 92%] Built target turtlesim_s__rosidl_typesupport_fastrtps_c
[24.526s] [ 93%] [32mBuilding C object CMakeFiles/turtlesim_s__rosidl_typesupport_introspection_c.dir/rosidl_generator_py/turtlesim/_turtlesim_s.ep.rosidl_typesupport_introspection_c.c.o[0m
[24.854s] [ 94%] [32m[1mLinking C shared module rosidl_generator_py/turtlesim/turtlesim_s__rosidl_typesupport_introspection_c.so[0m
[24.908s] [ 94%] Built target turtlesim_s__rosidl_typesupport_introspection_c
[24.939s] [ 95%] [32mBuilding C object CMakeFiles/turtlesim_s__rosidl_typesupport_c.dir/rosidl_generator_py/turtlesim/_turtlesim_s.ep.rosidl_typesupport_c.c.o[0m
[25.248s] [ 96%] [32m[1mLinking C shared module rosidl_generator_py/turtlesim/turtlesim_s__rosidl_typesupport_c.so[0m
[25.299s] [ 96%] Built target turtlesim_s__rosidl_typesupport_c
[28.144s] [ 97%] [32m[1mLinking CXX executable turtle_teleop_key[0m
[29.015s] [ 97%] Built target turtle_teleop_key
[30.080s] [ 98%] [32m[1mLinking CXX executable mimic[0m
[30.456s] [ 98%] Built target mimic
[30.566s] [ 99%] [32m[1mLinking CXX executable draw_square[0m
[31.012s] [ 99%] Built target draw_square
[33.977s] [100%] [32m[1mLinking CXX executable turtlesim_node[0m
[36.595s] [100%] Built target turtlesim_node
[36.607s] Invoked command in '/home/sai/ros2_tutorials/build/turtlesim' returned '0': CMAKE_PREFIX_PATH=${CMAKE_PREFIX_PATH}:/opt/ros/jazzy DEBUGINFOD_URLS=https://debuginfod.ubuntu.com /usr/bin/cmake --build /home/sai/ros2_tutorials/build/turtlesim -- -j8 -l8
[36.616s] Invoking command in '/home/sai/ros2_tutorials/build/turtlesim': CMAKE_PREFIX_PATH=${CMAKE_PREFIX_PATH}:/opt/ros/jazzy DEBUGINFOD_URLS=https://debuginfod.ubuntu.com /usr/bin/cmake --install /home/sai/ros2_tutorials/build/turtlesim
[36.624s] -- Install configuration: ""
[36.624s] -- Installing: /home/sai/ros2_tutorials/install/turtlesim/share/ament_index/resource_index/rosidl_interfaces/turtlesim
[36.624s] -- Installing: /home/sai/ros2_tutorials/install/turtlesim/share/turtlesim/action/RotateAbsolute.json
[36.625s] -- Installing: /home/sai/ros2_tutorials/install/turtlesim/share/turtlesim/msg/Color.json
[36.625s] -- Installing: /home/sai/ros2_tutorials/install/turtlesim/share/turtlesim/msg/Pose.json
[36.625s] -- Installing: /home/sai/ros2_tutorials/install/turtlesim/share/turtlesim/srv/Kill.json
[36.625s] -- Installing: /home/sai/ros2_tutorials/install/turtlesim/share/turtlesim/srv/SetPen.json
[36.625s] -- Installing: /home/sai/ros2_tutorials/install/turtlesim/share/turtlesim/srv/Spawn.json
[36.625s] -- Installing: /home/sai/ros2_tutorials/install/turtlesim/share/turtlesim/srv/TeleportAbsolute.json
[36.625s] -- Installing: /home/sai/ros2_tutorials/install/turtlesim/share/turtlesim/srv/TeleportRelative.json
[36.625s] -- Installing: /home/sai/ros2_tutorials/install/turtlesim/include/turtlesim/turtlesim
[36.626s] -- Installing: /home/sai/ros2_tutorials/install/turtlesim/include/turtlesim/turtlesim/srv
[36.626s] -- Installing: /home/sai/ros2_tutorials/install/turtlesim/include/turtlesim/turtlesim/srv/teleport_absolute.h
[36.626s] -- Installing: /home/sai/ros2_tutorials/install/turtlesim/include/turtlesim/turtlesim/srv/set_pen.h
[36.626s] -- Installing: /home/sai/ros2_tutorials/install/turtlesim/include/turtlesim/turtlesim/srv/teleport_relative.h
[36.626s] -- Installing: /home/sai/ros2_tutorials/install/turtlesim/include/turtlesim/turtlesim/srv/kill.h
[36.626s] -- Installing: /home/sai/ros2_tutorials/install/turtlesim/include/turtlesim/turtlesim/srv/spawn.h
[36.626s] -- Installing: /home/sai/ros2_tutorials/install/turtlesim/include/turtlesim/turtlesim/srv/detail
[36.626s] -- Installing: /home/sai/ros2_tutorials/install/turtlesim/include/turtlesim/turtlesim/srv/detail/teleport_absolute__functions.c
[36.626s] -- Installing: /home/sai/ros2_tutorials/install/turtlesim/include/turtlesim/turtlesim/srv/detail/spawn__struct.h
[36.626s] -- Installing: /home/sai/ros2_tutorials/install/turtlesim/include/turtlesim/turtlesim/srv/detail/set_pen__functions.c
[36.626s] -- Installing: /home/sai/ros2_tutorials/install/turtlesim/include/turtlesim/turtlesim/srv/detail/kill__description.c
[36.627s] -- Installing: /home/sai/ros2_tutorials/install/turtlesim/include/turtlesim/turtlesim/srv/detail/teleport_absolute__functions.h
[36.627s] -- Installing: /home/sai/ros2_tutorials/install/turtlesim/include/turtlesim/turtlesim/srv/detail/kill__type_support.c
[36.627s] -- Installing: /home/sai/ros2_tutorials/install/turtlesim/include/turtlesim/turtlesim/srv/detail/kill__functions.h
[36.627s] -- Installing: /home/sai/ros2_tutorials/install/turtlesim/include/turtlesim/turtlesim/srv/detail/teleport_absolute__type_support.c
[36.627s] -- Installing: /home/sai/ros2_tutorials/install/turtlesim/include/turtlesim/turtlesim/srv/detail/teleport_relative__description.c
[36.627s] -- Installing: /home/sai/ros2_tutorials/install/turtlesim/include/turtlesim/turtlesim/srv/detail/teleport_relative__struct.h
[36.627s] -- Installing: /home/sai/ros2_tutorials/install/turtlesim/include/turtlesim/turtlesim/srv/detail/spawn__functions.c
[36.627s] -- Installing: /home/sai/ros2_tutorials/install/turtlesim/include/turtlesim/turtlesim/srv/detail/set_pen__functions.h
[36.627s] -- Installing: /home/sai/ros2_tutorials/install/turtlesim/include/turtlesim/turtlesim/srv/detail/spawn__type_support.h
[36.628s] -- Installing: /home/sai/ros2_tutorials/install/turtlesim/include/turtlesim/turtlesim/srv/detail/teleport_relative__type_support.h
[36.628s] -- Installing: /home/sai/ros2_tutorials/install/turtlesim/include/turtlesim/turtlesim/srv/detail/kill__struct.h
[36.628s] -- Installing: /home/sai/ros2_tutorials/install/turtlesim/include/turtlesim/turtlesim/srv/detail/spawn__type_support.c
[36.628s] -- Installing: /home/sai/ros2_tutorials/install/turtlesim/include/turtlesim/turtlesim/srv/detail/set_pen__description.c
[36.628s] -- Installing: /home/sai/ros2_tutorials/install/turtlesim/include/turtlesim/turtlesim/srv/detail/teleport_relative__functions.c
[36.628s] -- Installing: /home/sai/ros2_tutorials/install/turtlesim/include/turtlesim/turtlesim/srv/detail/kill__type_support.h
[36.628s] -- Installing: /home/sai/ros2_tutorials/install/turtlesim/include/turtlesim/turtlesim/srv/detail/teleport_absolute__type_support.h
[36.628s] -- Installing: /home/sai/ros2_tutorials/install/turtlesim/include/turtlesim/turtlesim/srv/detail/spawn__description.c
[36.628s] -- Installing: /home/sai/ros2_tutorials/install/turtlesim/include/turtlesim/turtlesim/srv/detail/spawn__functions.h
[36.629s] -- Installing: /home/sai/ros2_tutorials/install/turtlesim/include/turtlesim/turtlesim/srv/detail/teleport_relative__type_support.c
[36.629s] -- Installing: /home/sai/ros2_tutorials/install/turtlesim/include/turtlesim/turtlesim/srv/detail/set_pen__struct.h
[36.629s] -- Installing: /home/sai/ros2_tutorials/install/turtlesim/include/turtlesim/turtlesim/srv/detail/teleport_absolute__description.c
[36.629s] -- Installing: /home/sai/ros2_tutorials/install/turtlesim/include/turtlesim/turtlesim/srv/detail/set_pen__type_support.c
[36.629s] -- Installing: /home/sai/ros2_tutorials/install/turtlesim/include/turtlesim/turtlesim/srv/detail/kill__functions.c
[36.629s] -- Installing: /home/sai/ros2_tutorials/install/turtlesim/include/turtlesim/turtlesim/srv/detail/set_pen__type_support.h
[36.629s] -- Installing: /home/sai/ros2_tutorials/install/turtlesim/include/turtlesim/turtlesim/srv/detail/teleport_absolute__struct.h
[36.629s] -- Installing: /home/sai/ros2_tutorials/install/turtlesim/include/turtlesim/turtlesim/srv/detail/teleport_relative__functions.h
[36.629s] -- Installing: /home/sai/ros2_tutorials/install/turtlesim/include/turtlesim/turtlesim/msg
[36.630s] -- Installing: /home/sai/ros2_tutorials/install/turtlesim/include/turtlesim/turtlesim/msg/pose.h
[36.630s] -- Installing: /home/sai/ros2_tutorials/install/turtlesim/include/turtlesim/turtlesim/msg/rosidl_generator_c__visibility_control.h
[36.630s] -- Installing: /home/sai/ros2_tutorials/install/turtlesim/include/turtlesim/turtlesim/msg/color.h
[36.630s] -- Installing: /home/sai/ros2_tutorials/install/turtlesim/include/turtlesim/turtlesim/msg/detail
[36.630s] -- Installing: /home/sai/ros2_tutorials/install/turtlesim/include/turtlesim/turtlesim/msg/detail/color__functions.c
[36.630s] -- Installing: /home/sai/ros2_tutorials/install/turtlesim/include/turtlesim/turtlesim/msg/detail/pose__type_support.c
[36.630s] -- Installing: /home/sai/ros2_tutorials/install/turtlesim/include/turtlesim/turtlesim/msg/detail/pose__functions.c
[36.631s] -- Installing: /home/sai/ros2_tutorials/install/turtlesim/include/turtlesim/turtlesim/msg/detail/pose__struct.h
[36.631s] -- Installing: /home/sai/ros2_tutorials/install/turtlesim/include/turtlesim/turtlesim/msg/detail/color__struct.h
[36.631s] -- Installing: /home/sai/ros2_tutorials/install/turtlesim/include/turtlesim/turtlesim/msg/detail/color__description.c
[36.631s] -- Installing: /home/sai/ros2_tutorials/install/turtlesim/include/turtlesim/turtlesim/msg/detail/color__functions.h
[36.631s] -- Installing: /home/sai/ros2_tutorials/install/turtlesim/include/turtlesim/turtlesim/msg/detail/pose__type_support.h
[36.631s] -- Installing: /home/sai/ros2_tutorials/install/turtlesim/include/turtlesim/turtlesim/msg/detail/pose__functions.h
[36.631s] -- Installing: /home/sai/ros2_tutorials/install/turtlesim/include/turtlesim/turtlesim/msg/detail/color__type_support.h
[36.631s] -- Installing: /home/sai/ros2_tutorials/install/turtlesim/include/turtlesim/turtlesim/msg/detail/pose__description.c
[36.632s] -- Installing: /home/sai/ros2_tutorials/install/turtlesim/include/turtlesim/turtlesim/msg/detail/color__type_support.c
[36.632s] -- Installing: /home/sai/ros2_tutorials/install/turtlesim/include/turtlesim/turtlesim/action
[36.632s] -- Installing: /home/sai/ros2_tutorials/install/turtlesim/include/turtlesim/turtlesim/action/rotate_absolute.h
[36.632s] -- Installing: /home/sai/ros2_tutorials/install/turtlesim/include/turtlesim/turtlesim/action/detail
[36.632s] -- Installing: /home/sai/ros2_tutorials/install/turtlesim/include/turtlesim/turtlesim/action/detail/rotate_absolute__functions.h
[36.632s] -- Installing: /home/sai/ros2_tutorials/install/turtlesim/include/turtlesim/turtlesim/action/detail/rotate_absolute__struct.h
[36.632s] -- Installing: /home/sai/ros2_tutorials/install/turtlesim/include/turtlesim/turtlesim/action/detail/rotate_absolute__functions.c
[36.632s] -- Installing: /home/sai/ros2_tutorials/install/turtlesim/include/turtlesim/turtlesim/action/detail/rotate_absolute__type_support.c
[36.633s] -- Installing: /home/sai/ros2_tutorials/install/turtlesim/include/turtlesim/turtlesim/action/detail/rotate_absolute__type_support.h
[36.633s] -- Installing: /home/sai/ros2_tutorials/install/turtlesim/include/turtlesim/turtlesim/action/detail/rotate_absolute__description.c
[36.633s] -- Installing: /home/sai/ros2_tutorials/install/turtlesim/share/turtlesim/environment/library_path.sh
[36.633s] -- Installing: /home/sai/ros2_tutorials/install/turtlesim/share/turtlesim/environment/library_path.dsv
[36.634s] -- Installing: /home/sai/ros2_tutorials/install/turtlesim/lib/libturtlesim__rosidl_generator_c.so
[36.634s] -- Set non-toolchain portion of runtime path of "/home/sai/ros2_tutorials/install/turtlesim/lib/libturtlesim__rosidl_generator_c.so" to ""
[36.634s] -- Up-to-date: /home/sai/ros2_tutorials/install/turtlesim/include/turtlesim/turtlesim
[36.634s] -- Up-to-date: /home/sai/ros2_tutorials/install/turtlesim/include/turtlesim/turtlesim/srv
[36.635s] -- Up-to-date: /home/sai/ros2_tutorials/install/turtlesim/include/turtlesim/turtlesim/srv/detail
[36.635s] -- Installing: /home/sai/ros2_tutorials/install/turtlesim/include/turtlesim/turtlesim/srv/detail/teleport_relative__rosidl_typesupport_fastrtps_c.h
[36.635s] -- Installing: /home/sai/ros2_tutorials/install/turtlesim/include/turtlesim/turtlesim/srv/detail/spawn__rosidl_typesupport_fastrtps_c.h
[36.635s] -- Installing: /home/sai/ros2_tutorials/install/turtlesim/include/turtlesim/turtlesim/srv/detail/teleport_absolute__rosidl_typesupport_fastrtps_c.h
[36.635s] -- Installing: /home/sai/ros2_tutorials/install/turtlesim/include/turtlesim/turtlesim/srv/detail/set_pen__rosidl_typesupport_fastrtps_c.h
[36.635s] -- Installing: /home/sai/ros2_tutorials/install/turtlesim/include/turtlesim/turtlesim/srv/detail/kill__rosidl_typesupport_fastrtps_c.h
[36.635s] -- Up-to-date: /home/sai/ros2_tutorials/install/turtlesim/include/turtlesim/turtlesim/msg
[36.635s] -- Installing: /home/sai/ros2_tutorials/install/turtlesim/include/turtlesim/turtlesim/msg/rosidl_typesupport_fastrtps_c__visibility_control.h
[36.635s] -- Up-to-date: /home/sai/ros2_tutorials/install/turtlesim/include/turtlesim/turtlesim/msg/detail
[36.636s] -- Installing: /home/sai/ros2_tutorials/install/turtlesim/include/turtlesim/turtlesim/msg/detail/pose__rosidl_typesupport_fastrtps_c.h
[36.636s] -- Installing: /home/sai/ros2_tutorials/install/turtlesim/include/turtlesim/turtlesim/msg/detail/color__rosidl_typesupport_fastrtps_c.h
[36.636s] -- Up-to-date: /home/sai/ros2_tutorials/install/turtlesim/include/turtlesim/turtlesim/action
[36.636s] -- Up-to-date: /home/sai/ros2_tutorials/install/turtlesim/include/turtlesim/turtlesim/action/detail
[36.636s] -- Installing: /home/sai/ros2_tutorials/install/turtlesim/include/turtlesim/turtlesim/action/detail/rotate_absolute__rosidl_typesupport_fastrtps_c.h
[36.636s] -- Installing: /home/sai/ros2_tutorials/install/turtlesim/lib/libturtlesim__rosidl_typesupport_fastrtps_c.so
[36.637s] -- Set non-toolchain portion of runtime path of "/home/sai/ros2_tutorials/install/turtlesim/lib/libturtlesim__rosidl_typesupport_fastrtps_c.so" to ""
[36.637s] -- Up-to-date: /home/sai/ros2_tutorials/install/turtlesim/include/turtlesim/turtlesim
[36.637s] -- Up-to-date: /home/sai/ros2_tutorials/install/turtlesim/include/turtlesim/turtlesim/srv
[36.637s] -- Installing: /home/sai/ros2_tutorials/install/turtlesim/include/turtlesim/turtlesim/srv/teleport_absolute.hpp
[36.637s] -- Installing: /home/sai/ros2_tutorials/install/turtlesim/include/turtlesim/turtlesim/srv/kill.hpp
[36.637s] -- Installing: /home/sai/ros2_tutorials/install/turtlesim/include/turtlesim/turtlesim/srv/spawn.hpp
[36.637s] -- Installing: /home/sai/ros2_tutorials/install/turtlesim/include/turtlesim/turtlesim/srv/teleport_relative.hpp
[36.637s] -- Installing: /home/sai/ros2_tutorials/install/turtlesim/include/turtlesim/turtlesim/srv/set_pen.hpp
[36.637s] -- Up-to-date: /home/sai/ros2_tutorials/install/turtlesim/include/turtlesim/turtlesim/srv/detail
[36.637s] -- Installing: /home/sai/ros2_tutorials/install/turtlesim/include/turtlesim/turtlesim/srv/detail/spawn__builder.hpp
[36.637s] -- Installing: /home/sai/ros2_tutorials/install/turtlesim/include/turtlesim/turtlesim/srv/detail/teleport_absolute__struct.hpp
[36.638s] -- Installing: /home/sai/ros2_tutorials/install/turtlesim/include/turtlesim/turtlesim/srv/detail/teleport_absolute__builder.hpp
[36.638s] -- Installing: /home/sai/ros2_tutorials/install/turtlesim/include/turtlesim/turtlesim/srv/detail/teleport_absolute__type_support.hpp
[36.638s] -- Installing: /home/sai/ros2_tutorials/install/turtlesim/include/turtlesim/turtlesim/srv/detail/kill__builder.hpp
[36.638s] -- Installing: /home/sai/ros2_tutorials/install/turtlesim/include/turtlesim/turtlesim/srv/detail/spawn__traits.hpp
[36.638s] -- Installing: /home/sai/ros2_tutorials/install/turtlesim/include/turtlesim/turtlesim/srv/detail/kill__struct.hpp
[36.638s] -- Installing: /home/sai/ros2_tutorials/install/turtlesim/include/turtlesim/turtlesim/srv/detail/set_pen__builder.hpp
[36.638s] -- Installing: /home/sai/ros2_tutorials/install/turtlesim/include/turtlesim/turtlesim/srv/detail/kill__traits.hpp
[36.639s] -- Installing: /home/sai/ros2_tutorials/install/turtlesim/include/turtlesim/turtlesim/srv/detail/set_pen__type_support.hpp
[36.639s] -- Installing: /home/sai/ros2_tutorials/install/turtlesim/include/turtlesim/turtlesim/srv/detail/spawn__struct.hpp
[36.639s] -- Installing: /home/sai/ros2_tutorials/install/turtlesim/include/turtlesim/turtlesim/srv/detail/set_pen__struct.hpp
[36.639s] -- Installing: /home/sai/ros2_tutorials/install/turtlesim/include/turtlesim/turtlesim/srv/detail/teleport_absolute__traits.hpp
[36.639s] -- Installing: /home/sai/ros2_tutorials/install/turtlesim/include/turtlesim/turtlesim/srv/detail/teleport_relative__struct.hpp
[36.639s] -- Installing: /home/sai/ros2_tutorials/install/turtlesim/include/turtlesim/turtlesim/srv/detail/kill__type_support.hpp
[36.639s] -- Installing: /home/sai/ros2_tutorials/install/turtlesim/include/turtlesim/turtlesim/srv/detail/teleport_relative__traits.hpp
[36.639s] -- Installing: /home/sai/ros2_tutorials/install/turtlesim/include/turtlesim/turtlesim/srv/detail/set_pen__traits.hpp
[36.640s] -- Installing: /home/sai/ros2_tutorials/install/turtlesim/include/turtlesim/turtlesim/srv/detail/spawn__type_support.hpp
[36.640s] -- Installing: /home/sai/ros2_tutorials/install/turtlesim/include/turtlesim/turtlesim/srv/detail/teleport_relative__builder.hpp
[36.640s] -- Installing: /home/sai/ros2_tutorials/install/turtlesim/include/turtlesim/turtlesim/srv/detail/teleport_relative__type_support.hpp
[36.640s] -- Up-to-date: /home/sai/ros2_tutorials/install/turtlesim/include/turtlesim/turtlesim/msg
[36.640s] -- Installing: /home/sai/ros2_tutorials/install/turtlesim/include/turtlesim/turtlesim/msg/rosidl_generator_cpp__visibility_control.hpp
[36.640s] -- Up-to-date: /home/sai/ros2_tutorials/install/turtlesim/include/turtlesim/turtlesim/msg/detail
[36.640s] -- Installing: /home/sai/ros2_tutorials/install/turtlesim/include/turtlesim/turtlesim/msg/detail/color__struct.hpp
[36.640s] -- Installing: /home/sai/ros2_tutorials/install/turtlesim/include/turtlesim/turtlesim/msg/detail/color__type_support.hpp
[36.640s] -- Installing: /home/sai/ros2_tutorials/install/turtlesim/include/turtlesim/turtlesim/msg/detail/color__builder.hpp
[36.641s] -- Installing: /home/sai/ros2_tutorials/install/turtlesim/include/turtlesim/turtlesim/msg/detail/pose__builder.hpp
[36.641s] -- Installing: /home/sai/ros2_tutorials/install/turtlesim/include/turtlesim/turtlesim/msg/detail/pose__traits.hpp
[36.641s] -- Installing: /home/sai/ros2_tutorials/install/turtlesim/include/turtlesim/turtlesim/msg/detail/pose__type_support.hpp
[36.641s] -- Installing: /home/sai/ros2_tutorials/install/turtlesim/include/turtlesim/turtlesim/msg/detail/color__traits.hpp
[36.641s] -- Installing: /home/sai/ros2_tutorials/install/turtlesim/include/turtlesim/turtlesim/msg/detail/pose__struct.hpp
[36.641s] -- Installing: /home/sai/ros2_tutorials/install/turtlesim/include/turtlesim/turtlesim/msg/color.hpp
[36.641s] -- Installing: /home/sai/ros2_tutorials/install/turtlesim/include/turtlesim/turtlesim/msg/pose.hpp
[36.641s] -- Up-to-date: /home/sai/ros2_tutorials/install/turtlesim/include/turtlesim/turtlesim/action
[36.641s] -- Installing: /home/sai/ros2_tutorials/install/turtlesim/include/turtlesim/turtlesim/action/rotate_absolute.hpp
[36.642s] -- Up-to-date: /home/sai/ros2_tutorials/install/turtlesim/include/turtlesim/turtlesim/action/detail
[36.642s] -- Installing: /home/sai/ros2_tutorials/install/turtlesim/include/turtlesim/turtlesim/action/detail/rotate_absolute__type_support.hpp
[36.642s] -- Installing: /home/sai/ros2_tutorials/install/turtlesim/include/turtlesim/turtlesim/action/detail/rotate_absolute__struct.hpp
[36.642s] -- Installing: /home/sai/ros2_tutorials/install/turtlesim/include/turtlesim/turtlesim/action/detail/rotate_absolute__traits.hpp
[36.642s] -- Installing: /home/sai/ros2_tutorials/install/turtlesim/include/turtlesim/turtlesim/action/detail/rotate_absolute__builder.hpp
[36.642s] -- Up-to-date: /home/sai/ros2_tutorials/install/turtlesim/include/turtlesim/turtlesim
[36.642s] -- Up-to-date: /home/sai/ros2_tutorials/install/turtlesim/include/turtlesim/turtlesim/srv
[36.642s] -- Up-to-date: /home/sai/ros2_tutorials/install/turtlesim/include/turtlesim/turtlesim/srv/detail
[36.642s] -- Installing: /home/sai/ros2_tutorials/install/turtlesim/include/turtlesim/turtlesim/srv/detail/teleport_absolute__rosidl_typesupport_fastrtps_cpp.hpp
[36.642s] -- Installing: /home/sai/ros2_tutorials/install/turtlesim/include/turtlesim/turtlesim/srv/detail/dds_fastrtps
[36.643s] -- Installing: /home/sai/ros2_tutorials/install/turtlesim/include/turtlesim/turtlesim/srv/detail/kill__rosidl_typesupport_fastrtps_cpp.hpp
[36.643s] -- Installing: /home/sai/ros2_tutorials/install/turtlesim/include/turtlesim/turtlesim/srv/detail/spawn__rosidl_typesupport_fastrtps_cpp.hpp
[36.643s] -- Installing: /home/sai/ros2_tutorials/install/turtlesim/include/turtlesim/turtlesim/srv/detail/set_pen__rosidl_typesupport_fastrtps_cpp.hpp
[36.643s] -- Installing: /home/sai/ros2_tutorials/install/turtlesim/include/turtlesim/turtlesim/srv/detail/teleport_relative__rosidl_typesupport_fastrtps_cpp.hpp
[36.643s] -- Up-to-date: /home/sai/ros2_tutorials/install/turtlesim/include/turtlesim/turtlesim/msg
[36.643s] -- Installing: /home/sai/ros2_tutorials/install/turtlesim/include/turtlesim/turtlesim/msg/rosidl_typesupport_fastrtps_cpp__visibility_control.h
[36.643s] -- Up-to-date: /home/sai/ros2_tutorials/install/turtlesim/include/turtlesim/turtlesim/msg/detail
[36.643s] -- Installing: /home/sai/ros2_tutorials/install/turtlesim/include/turtlesim/turtlesim/msg/detail/dds_fastrtps
[36.643s] -- Installing: /home/sai/ros2_tutorials/install/turtlesim/include/turtlesim/turtlesim/msg/detail/color__rosidl_typesupport_fastrtps_cpp.hpp
[36.643s] -- Installing: /home/sai/ros2_tutorials/install/turtlesim/include/turtlesim/turtlesim/msg/detail/pose__rosidl_typesupport_fastrtps_cpp.hpp
[36.644s] -- Up-to-date: /home/sai/ros2_tutorials/install/turtlesim/include/turtlesim/turtlesim/action
[36.644s] -- Up-to-date: /home/sai/ros2_tutorials/install/turtlesim/include/turtlesim/turtlesim/action/detail
[36.644s] -- Installing: /home/sai/ros2_tutorials/install/turtlesim/include/turtlesim/turtlesim/action/detail/dds_fastrtps
[36.644s] -- Installing: /home/sai/ros2_tutorials/install/turtlesim/include/turtlesim/turtlesim/action/detail/rotate_absolute__rosidl_typesupport_fastrtps_cpp.hpp
[36.644s] -- Installing: /home/sai/ros2_tutorials/install/turtlesim/lib/libturtlesim__rosidl_typesupport_fastrtps_cpp.so
[36.645s] -- Set non-toolchain portion of runtime path of "/home/sai/ros2_tutorials/install/turtlesim/lib/libturtlesim__rosidl_typesupport_fastrtps_cpp.so" to ""
[36.645s] -- Up-to-date: /home/sai/ros2_tutorials/install/turtlesim/include/turtlesim/turtlesim
[36.645s] -- Up-to-date: /home/sai/ros2_tutorials/install/turtlesim/include/turtlesim/turtlesim/srv
[36.645s] -- Up-to-date: /home/sai/ros2_tutorials/install/turtlesim/include/turtlesim/turtlesim/srv/detail
[36.645s] -- Installing: /home/sai/ros2_tutorials/install/turtlesim/include/turtlesim/turtlesim/srv/detail/teleport_relative__rosidl_typesupport_introspection_c.h
[36.645s] -- Installing: /home/sai/ros2_tutorials/install/turtlesim/include/turtlesim/turtlesim/srv/detail/kill__type_support.c
[36.646s] -- Installing: /home/sai/ros2_tutorials/install/turtlesim/include/turtlesim/turtlesim/srv/detail/teleport_absolute__type_support.c
[36.646s] -- Installing: /home/sai/ros2_tutorials/install/turtlesim/include/turtlesim/turtlesim/srv/detail/teleport_absolute__rosidl_typesupport_introspection_c.h
[36.646s] -- Installing: /home/sai/ros2_tutorials/install/turtlesim/include/turtlesim/turtlesim/srv/detail/spawn__type_support.c
[36.646s] -- Installing: /home/sai/ros2_tutorials/install/turtlesim/include/turtlesim/turtlesim/srv/detail/teleport_relative__type_support.c
[36.646s] -- Installing: /home/sai/ros2_tutorials/install/turtlesim/include/turtlesim/turtlesim/srv/detail/set_pen__type_support.c
[36.646s] -- Installing: /home/sai/ros2_tutorials/install/turtlesim/include/turtlesim/turtlesim/srv/detail/set_pen__rosidl_typesupport_introspection_c.h
[36.646s] -- Installing: /home/sai/ros2_tutorials/install/turtlesim/include/turtlesim/turtlesim/srv/detail/kill__rosidl_typesupport_introspection_c.h
[36.646s] -- Installing: /home/sai/ros2_tutorials/install/turtlesim/include/turtlesim/turtlesim/srv/detail/spawn__rosidl_typesupport_introspection_c.h
[36.647s] -- Up-to-date: /home/sai/ros2_tutorials/install/turtlesim/include/turtlesim/turtlesim/msg
[36.647s] -- Installing: /home/sai/ros2_tutorials/install/turtlesim/include/turtlesim/turtlesim/msg/rosidl_typesupport_introspection_c__visibility_control.h
[36.647s] -- Up-to-date: /home/sai/ros2_tutorials/install/turtlesim/include/turtlesim/turtlesim/msg/detail
[36.647s] -- Installing: /home/sai/ros2_tutorials/install/turtlesim/include/turtlesim/turtlesim/msg/detail/color__rosidl_typesupport_introspection_c.h
[36.647s] -- Installing: /home/sai/ros2_tutorials/install/turtlesim/include/turtlesim/turtlesim/msg/detail/pose__type_support.c
[36.647s] -- Installing: /home/sai/ros2_tutorials/install/turtlesim/include/turtlesim/turtlesim/msg/detail/pose__rosidl_typesupport_introspection_c.h
[36.647s] -- Installing: /home/sai/ros2_tutorials/install/turtlesim/include/turtlesim/turtlesim/msg/detail/color__type_support.c
[36.647s] -- Up-to-date: /home/sai/ros2_tutorials/install/turtlesim/include/turtlesim/turtlesim/action
[36.647s] -- Up-to-date: /home/sai/ros2_tutorials/install/turtlesim/include/turtlesim/turtlesim/action/detail
[36.647s] -- Installing: /home/sai/ros2_tutorials/install/turtlesim/include/turtlesim/turtlesim/action/detail/rotate_absolute__rosidl_typesupport_introspection_c.h
[36.648s] -- Installing: /home/sai/ros2_tutorials/install/turtlesim/include/turtlesim/turtlesim/action/detail/rotate_absolute__type_support.c
[36.648s] -- Installing: /home/sai/ros2_tutorials/install/turtlesim/lib/libturtlesim__rosidl_typesupport_introspection_c.so
[36.648s] -- Set non-toolchain portion of runtime path of "/home/sai/ros2_tutorials/install/turtlesim/lib/libturtlesim__rosidl_typesupport_introspection_c.so" to ""
[36.648s] -- Installing: /home/sai/ros2_tutorials/install/turtlesim/lib/libturtlesim__rosidl_typesupport_c.so
[36.649s] -- Set non-toolchain portion of runtime path of "/home/sai/ros2_tutorials/install/turtlesim/lib/libturtlesim__rosidl_typesupport_c.so" to ""
[36.649s] -- Up-to-date: /home/sai/ros2_tutorials/install/turtlesim/include/turtlesim/turtlesim
[36.649s] -- Up-to-date: /home/sai/ros2_tutorials/install/turtlesim/include/turtlesim/turtlesim/srv
[36.649s] -- Up-to-date: /home/sai/ros2_tutorials/install/turtlesim/include/turtlesim/turtlesim/srv/detail
[36.649s] -- Installing: /home/sai/ros2_tutorials/install/turtlesim/include/turtlesim/turtlesim/srv/detail/kill__rosidl_typesupport_introspection_cpp.hpp
[36.649s] -- Installing: /home/sai/ros2_tutorials/install/turtlesim/include/turtlesim/turtlesim/srv/detail/set_pen__type_support.cpp
[36.649s] -- Installing: /home/sai/ros2_tutorials/install/turtlesim/include/turtlesim/turtlesim/srv/detail/spawn__type_support.cpp
[36.650s] -- Installing: /home/sai/ros2_tutorials/install/turtlesim/include/turtlesim/turtlesim/srv/detail/teleport_absolute__type_support.cpp
[36.650s] -- Installing: /home/sai/ros2_tutorials/install/turtlesim/include/turtlesim/turtlesim/srv/detail/set_pen__rosidl_typesupport_introspection_cpp.hpp
[36.650s] -- Installing: /home/sai/ros2_tutorials/install/turtlesim/include/turtlesim/turtlesim/srv/detail/kill__type_support.cpp
[36.650s] -- Installing: /home/sai/ros2_tutorials/install/turtlesim/include/turtlesim/turtlesim/srv/detail/teleport_relative__type_support.cpp
[36.650s] -- Installing: /home/sai/ros2_tutorials/install/turtlesim/include/turtlesim/turtlesim/srv/detail/spawn__rosidl_typesupport_introspection_cpp.hpp
[36.650s] -- Installing: /home/sai/ros2_tutorials/install/turtlesim/include/turtlesim/turtlesim/srv/detail/teleport_relative__rosidl_typesupport_introspection_cpp.hpp
[36.650s] -- Installing: /home/sai/ros2_tutorials/install/turtlesim/include/turtlesim/turtlesim/srv/detail/teleport_absolute__rosidl_typesupport_introspection_cpp.hpp
[36.650s] -- Up-to-date: /home/sai/ros2_tutorials/install/turtlesim/include/turtlesim/turtlesim/msg
[36.650s] -- Up-to-date: /home/sai/ros2_tutorials/install/turtlesim/include/turtlesim/turtlesim/msg/detail
[36.651s] -- Installing: /home/sai/ros2_tutorials/install/turtlesim/include/turtlesim/turtlesim/msg/detail/color__type_support.cpp
[36.651s] -- Installing: /home/sai/ros2_tutorials/install/turtlesim/include/turtlesim/turtlesim/msg/detail/color__rosidl_typesupport_introspection_cpp.hpp
[36.651s] -- Installing: /home/sai/ros2_tutorials/install/turtlesim/include/turtlesim/turtlesim/msg/detail/pose__rosidl_typesupport_introspection_cpp.hpp
[36.651s] -- Installing: /home/sai/ros2_tutorials/install/turtlesim/include/turtlesim/turtlesim/msg/detail/pose__type_support.cpp
[36.651s] -- Up-to-date: /home/sai/ros2_tutorials/install/turtlesim/include/turtlesim/turtlesim/action
[36.651s] -- Up-to-date: /home/sai/ros2_tutorials/install/turtlesim/include/turtlesim/turtlesim/action/detail
[36.651s] -- Installing: /home/sai/ros2_tutorials/install/turtlesim/include/turtlesim/turtlesim/action/detail/rotate_absolute__rosidl_typesupport_introspection_cpp.hpp
[36.651s] -- Installing: /home/sai/ros2_tutorials/install/turtlesim/include/turtlesim/turtlesim/action/detail/rotate_absolute__type_support.cpp
[36.652s] -- Installing: /home/sai/ros2_tutorials/install/turtlesim/lib/libturtlesim__rosidl_typesupport_introspection_cpp.so
[36.652s] -- Set non-toolchain portion of runtime path of "/home/sai/ros2_tutorials/install/turtlesim/lib/libturtlesim__rosidl_typesupport_introspection_cpp.so" to ""
[36.652s] -- Installing: /home/sai/ros2_tutorials/install/turtlesim/lib/libturtlesim__rosidl_typesupport_cpp.so
[36.653s] -- Set non-toolchain portion of runtime path of "/home/sai/ros2_tutorials/install/turtlesim/lib/libturtlesim__rosidl_typesupport_cpp.so" to ""
[36.653s] -- Installing: /home/sai/ros2_tutorials/install/turtlesim/share/turtlesim/environment/pythonpath.sh
[36.653s] -- Installing: /home/sai/ros2_tutorials/install/turtlesim/share/turtlesim/environment/pythonpath.dsv
[36.654s] -- Installing: /home/sai/ros2_tutorials/install/turtlesim/lib/python3.12/site-packages/turtlesim-1.8.3-py3.12.egg-info
[36.654s] -- Installing: /home/sai/ros2_tutorials/install/turtlesim/lib/python3.12/site-packages/turtlesim-1.8.3-py3.12.egg-info/SOURCES.txt
[36.654s] -- Installing: /home/sai/ros2_tutorials/install/turtlesim/lib/python3.12/site-packages/turtlesim-1.8.3-py3.12.egg-info/top_level.txt
[36.654s] -- Installing: /home/sai/ros2_tutorials/install/turtlesim/lib/python3.12/site-packages/turtlesim-1.8.3-py3.12.egg-info/dependency_links.txt
[36.654s] -- Installing: /home/sai/ros2_tutorials/install/turtlesim/lib/python3.12/site-packages/turtlesim-1.8.3-py3.12.egg-info/PKG-INFO
[36.654s] -- Installing: /home/sai/ros2_tutorials/install/turtlesim/lib/python3.12/site-packages/turtlesim
[36.654s] -- Installing: /home/sai/ros2_tutorials/install/turtlesim/lib/python3.12/site-packages/turtlesim/_turtlesim_s.ep.rosidl_typesupport_c.c
[36.654s] -- Installing: /home/sai/ros2_tutorials/install/turtlesim/lib/python3.12/site-packages/turtlesim/srv
[36.654s] -- Installing: /home/sai/ros2_tutorials/install/turtlesim/lib/python3.12/site-packages/turtlesim/srv/_spawn.py
[36.654s] -- Installing: /home/sai/ros2_tutorials/install/turtlesim/lib/python3.12/site-packages/turtlesim/srv/_teleport_relative_s.c
[36.655s] -- Installing: /home/sai/ros2_tutorials/install/turtlesim/lib/python3.12/site-packages/turtlesim/srv/_kill_s.c
[36.655s] -- Installing: /home/sai/ros2_tutorials/install/turtlesim/lib/python3.12/site-packages/turtlesim/srv/_set_pen_s.c
[36.655s] -- Installing: /home/sai/ros2_tutorials/install/turtlesim/lib/python3.12/site-packages/turtlesim/srv/_set_pen.py
[36.655s] -- Installing: /home/sai/ros2_tutorials/install/turtlesim/lib/python3.12/site-packages/turtlesim/srv/__init__.py
[36.655s] -- Installing: /home/sai/ros2_tutorials/install/turtlesim/lib/python3.12/site-packages/turtlesim/srv/_spawn_s.c
[36.655s] -- Installing: /home/sai/ros2_tutorials/install/turtlesim/lib/python3.12/site-packages/turtlesim/srv/_kill.py
[36.655s] -- Installing: /home/sai/ros2_tutorials/install/turtlesim/lib/python3.12/site-packages/turtlesim/srv/_teleport_absolute.py
[36.656s] -- Installing: /home/sai/ros2_tutorials/install/turtlesim/lib/python3.12/site-packages/turtlesim/srv/_teleport_absolute_s.c
[36.656s] -- Installing: /home/sai/ros2_tutorials/install/turtlesim/lib/python3.12/site-packages/turtlesim/srv/_teleport_relative.py
[36.656s] -- Installing: /home/sai/ros2_tutorials/install/turtlesim/lib/python3.12/site-packages/turtlesim/turtlesim_s__rosidl_typesupport_introspection_c.so
[36.656s] -- Installing: /home/sai/ros2_tutorials/install/turtlesim/lib/python3.12/site-packages/turtlesim/turtlesim_s__rosidl_typesupport_c.so
[36.656s] -- Installing: /home/sai/ros2_tutorials/install/turtlesim/lib/python3.12/site-packages/turtlesim/msg
[36.656s] -- Installing: /home/sai/ros2_tutorials/install/turtlesim/lib/python3.12/site-packages/turtlesim/msg/_color_s.c
[36.656s] -- Installing: /home/sai/ros2_tutorials/install/turtlesim/lib/python3.12/site-packages/turtlesim/msg/_pose.py
[36.657s] -- Installing: /home/sai/ros2_tutorials/install/turtlesim/lib/python3.12/site-packages/turtlesim/msg/__init__.py
[36.657s] -- Installing: /home/sai/ros2_tutorials/install/turtlesim/lib/python3.12/site-packages/turtlesim/msg/_color.py
[36.657s] -- Installing: /home/sai/ros2_tutorials/install/turtlesim/lib/python3.12/site-packages/turtlesim/msg/_pose_s.c
[36.657s] -- Installing: /home/sai/ros2_tutorials/install/turtlesim/lib/python3.12/site-packages/turtlesim/__init__.py
[36.657s] -- Installing: /home/sai/ros2_tutorials/install/turtlesim/lib/python3.12/site-packages/turtlesim/action
[36.657s] -- Installing: /home/sai/ros2_tutorials/install/turtlesim/lib/python3.12/site-packages/turtlesim/action/__init__.py
[36.657s] -- Installing: /home/sai/ros2_tutorials/install/turtlesim/lib/python3.12/site-packages/turtlesim/action/_rotate_absolute.py
[36.657s] -- Installing: /home/sai/ros2_tutorials/install/turtlesim/lib/python3.12/site-packages/turtlesim/action/_rotate_absolute_s.c
[36.657s] -- Installing: /home/sai/ros2_tutorials/install/turtlesim/lib/python3.12/site-packages/turtlesim/_turtlesim_s.ep.rosidl_typesupport_fastrtps_c.c
[36.658s] -- Installing: /home/sai/ros2_tutorials/install/turtlesim/lib/python3.12/site-packages/turtlesim/turtlesim_s__rosidl_typesupport_fastrtps_c.so
[36.658s] -- Installing: /home/sai/ros2_tutorials/install/turtlesim/lib/python3.12/site-packages/turtlesim/_turtlesim_s.ep.rosidl_typesupport_introspection_c.c
[37.017s] Listing '/home/sai/ros2_tutorials/install/turtlesim/lib/python3.12/site-packages/turtlesim'...
[37.017s] Compiling '/home/sai/ros2_tutorials/install/turtlesim/lib/python3.12/site-packages/turtlesim/__init__.py'...
[37.017s] Listing '/home/sai/ros2_tutorials/install/turtlesim/lib/python3.12/site-packages/turtlesim/action'...
[37.017s] Compiling '/home/sai/ros2_tutorials/install/turtlesim/lib/python3.12/site-packages/turtlesim/action/__init__.py'...
[37.017s] Compiling '/home/sai/ros2_tutorials/install/turtlesim/lib/python3.12/site-packages/turtlesim/action/_rotate_absolute.py'...
[37.017s] Listing '/home/sai/ros2_tutorials/install/turtlesim/lib/python3.12/site-packages/turtlesim/msg'...
[37.017s] Compiling '/home/sai/ros2_tutorials/install/turtlesim/lib/python3.12/site-packages/turtlesim/msg/__init__.py'...
[37.017s] Compiling '/home/sai/ros2_tutorials/install/turtlesim/lib/python3.12/site-packages/turtlesim/msg/_color.py'...
[37.017s] Compiling '/home/sai/ros2_tutorials/install/turtlesim/lib/python3.12/site-packages/turtlesim/msg/_pose.py'...
[37.017s] Listing '/home/sai/ros2_tutorials/install/turtlesim/lib/python3.12/site-packages/turtlesim/srv'...
[37.018s] Compiling '/home/sai/ros2_tutorials/install/turtlesim/lib/python3.12/site-packages/turtlesim/srv/__init__.py'...
[37.018s] Compiling '/home/sai/ros2_tutorials/install/turtlesim/lib/python3.12/site-packages/turtlesim/srv/_kill.py'...
[37.018s] Compiling '/home/sai/ros2_tutorials/install/turtlesim/lib/python3.12/site-packages/turtlesim/srv/_set_pen.py'...
[37.018s] Compiling '/home/sai/ros2_tutorials/install/turtlesim/lib/python3.12/site-packages/turtlesim/srv/_spawn.py'...
[37.018s] Compiling '/home/sai/ros2_tutorials/install/turtlesim/lib/python3.12/site-packages/turtlesim/srv/_teleport_absolute.py'...
[37.018s] Compiling '/home/sai/ros2_tutorials/install/turtlesim/lib/python3.12/site-packages/turtlesim/srv/_teleport_relative.py'...
[37.022s] -- Installing: /home/sai/ros2_tutorials/install/turtlesim/lib/python3.12/site-packages/turtlesim/turtlesim_s__rosidl_typesupport_fastrtps_c.so
[37.023s] -- Set non-toolchain portion of runtime path of "/home/sai/ros2_tutorials/install/turtlesim/lib/python3.12/site-packages/turtlesim/turtlesim_s__rosidl_typesupport_fastrtps_c.so" to ""
[37.023s] -- Installing: /home/sai/ros2_tutorials/install/turtlesim/lib/python3.12/site-packages/turtlesim/turtlesim_s__rosidl_typesupport_introspection_c.so
[37.023s] -- Set non-toolchain portion of runtime path of "/home/sai/ros2_tutorials/install/turtlesim/lib/python3.12/site-packages/turtlesim/turtlesim_s__rosidl_typesupport_introspection_c.so" to ""
[37.024s] -- Installing: /home/sai/ros2_tutorials/install/turtlesim/lib/python3.12/site-packages/turtlesim/turtlesim_s__rosidl_typesupport_c.so
[37.024s] -- Set non-toolchain portion of runtime path of "/home/sai/ros2_tutorials/install/turtlesim/lib/python3.12/site-packages/turtlesim/turtlesim_s__rosidl_typesupport_c.so" to ""
[37.024s] -- Installing: /home/sai/ros2_tutorials/install/turtlesim/lib/libturtlesim__rosidl_generator_py.so
[37.025s] -- Set non-toolchain portion of runtime path of "/home/sai/ros2_tutorials/install/turtlesim/lib/libturtlesim__rosidl_generator_py.so" to ""
[37.025s] -- Installing: /home/sai/ros2_tutorials/install/turtlesim/share/turtlesim/action/RotateAbsolute.idl
[37.025s] -- Installing: /home/sai/ros2_tutorials/install/turtlesim/share/turtlesim/msg/Color.idl
[37.025s] -- Installing: /home/sai/ros2_tutorials/install/turtlesim/share/turtlesim/msg/Pose.idl
[37.025s] -- Installing: /home/sai/ros2_tutorials/install/turtlesim/share/turtlesim/srv/Kill.idl
[37.025s] -- Installing: /home/sai/ros2_tutorials/install/turtlesim/share/turtlesim/srv/SetPen.idl
[37.025s] -- Installing: /home/sai/ros2_tutorials/install/turtlesim/share/turtlesim/srv/Spawn.idl
[37.026s] -- Installing: /home/sai/ros2_tutorials/install/turtlesim/share/turtlesim/srv/TeleportAbsolute.idl
[37.026s] -- Installing: /home/sai/ros2_tutorials/install/turtlesim/share/turtlesim/srv/TeleportRelative.idl
[37.026s] -- Installing: /home/sai/ros2_tutorials/install/turtlesim/share/turtlesim/action/RotateAbsolute.action
[37.026s] -- Installing: /home/sai/ros2_tutorials/install/turtlesim/share/turtlesim/msg/Color.msg
[37.026s] -- Installing: /home/sai/ros2_tutorials/install/turtlesim/share/turtlesim/msg/Pose.msg
[37.026s] -- Installing: /home/sai/ros2_tutorials/install/turtlesim/share/turtlesim/srv/Kill.srv
[37.026s] -- Installing: /home/sai/ros2_tutorials/install/turtlesim/share/turtlesim/srv/SetPen.srv
[37.027s] -- Installing: /home/sai/ros2_tutorials/install/turtlesim/share/turtlesim/srv/Spawn.srv
[37.027s] -- Installing: /home/sai/ros2_tutorials/install/turtlesim/share/turtlesim/srv/TeleportAbsolute.srv
[37.027s] -- Installing: /home/sai/ros2_tutorials/install/turtlesim/share/turtlesim/srv/TeleportRelative.srv
[37.027s] -- Installing: /home/sai/ros2_tutorials/install/turtlesim/lib/turtlesim/turtlesim_node
[37.035s] -- Set non-toolchain portion of runtime path of "/home/sai/ros2_tutorials/install/turtlesim/lib/turtlesim/turtlesim_node" to ""
[37.035s] -- Installing: /home/sai/ros2_tutorials/install/turtlesim/lib/turtlesim/turtle_teleop_key
[37.037s] -- Set non-toolchain portion of runtime path of "/home/sai/ros2_tutorials/install/turtlesim/lib/turtlesim/turtle_teleop_key" to ""
[37.037s] -- Installing: /home/sai/ros2_tutorials/install/turtlesim/lib/turtlesim/draw_square
[37.041s] -- Set non-toolchain portion of runtime path of "/home/sai/ros2_tutorials/install/turtlesim/lib/turtlesim/draw_square" to ""
[37.041s] -- Installing: /home/sai/ros2_tutorials/install/turtlesim/lib/turtlesim/mimic
[37.045s] -- Set non-toolchain portion of runtime path of "/home/sai/ros2_tutorials/install/turtlesim/lib/turtlesim/mimic" to ""
[37.045s] -- Installing: /home/sai/ros2_tutorials/install/turtlesim/share/turtlesim/images
[37.045s] -- Installing: /home/sai/ros2_tutorials/install/turtlesim/share/turtlesim/images/ardent.png
[37.045s] -- Installing: /home/sai/ros2_tutorials/install/turtlesim/share/turtlesim/images/bouncy.png
[37.045s] -- Installing: /home/sai/ros2_tutorials/install/turtlesim/share/turtlesim/images/humble.png
[37.045s] -- Installing: /home/sai/ros2_tutorials/install/turtlesim/share/turtlesim/images/iron.png
[37.046s] -- Installing: /home/sai/ros2_tutorials/install/turtlesim/share/turtlesim/images/dashing.png
[37.046s] -- Installing: /home/sai/ros2_tutorials/install/turtlesim/share/turtlesim/images/rolling.png
[37.046s] -- Installing: /home/sai/ros2_tutorials/install/turtlesim/share/turtlesim/images/foxy.png
[37.046s] -- Installing: /home/sai/ros2_tutorials/install/turtlesim/share/turtlesim/images/crystal.png
[37.046s] -- Installing: /home/sai/ros2_tutorials/install/turtlesim/share/turtlesim/images/galactic.png
[37.046s] -- Installing: /home/sai/ros2_tutorials/install/turtlesim/share/turtlesim/images/eloquent.png
[37.046s] -- Installing: /home/sai/ros2_tutorials/install/turtlesim/share/turtlesim/images/jazzy.png
[37.046s] -- Installing: /home/sai/ros2_tutorials/install/turtlesim/share/turtlesim/launch
[37.047s] -- Installing: /home/sai/ros2_tutorials/install/turtlesim/share/turtlesim/launch/multisim.launch.py
[37.047s] -- Installing: /home/sai/ros2_tutorials/install/turtlesim/share/ament_index/resource_index/package_run_dependencies/turtlesim
[37.047s] -- Installing: /home/sai/ros2_tutorials/install/turtlesim/share/ament_index/resource_index/parent_prefix_path/turtlesim
[37.047s] -- Installing: /home/sai/ros2_tutorials/install/turtlesim/share/turtlesim/environment/ament_prefix_path.sh
[37.047s] -- Installing: /home/sai/ros2_tutorials/install/turtlesim/share/turtlesim/environment/ament_prefix_path.dsv
[37.047s] -- Installing: /home/sai/ros2_tutorials/install/turtlesim/share/turtlesim/environment/path.sh
[37.047s] -- Installing: /home/sai/ros2_tutorials/install/turtlesim/share/turtlesim/environment/path.dsv
[37.047s] -- Installing: /home/sai/ros2_tutorials/install/turtlesim/share/turtlesim/local_setup.bash
[37.048s] -- Installing: /home/sai/ros2_tutorials/install/turtlesim/share/turtlesim/local_setup.sh
[37.048s] -- Installing: /home/sai/ros2_tutorials/install/turtlesim/share/turtlesim/local_setup.zsh
[37.048s] -- Installing: /home/sai/ros2_tutorials/install/turtlesim/share/turtlesim/local_setup.dsv
[37.048s] -- Installing: /home/sai/ros2_tutorials/install/turtlesim/share/turtlesim/package.dsv
[37.048s] -- Installing: /home/sai/ros2_tutorials/install/turtlesim/share/ament_index/resource_index/packages/turtlesim
[37.048s] -- Installing: /home/sai/ros2_tutorials/install/turtlesim/share/turtlesim/cmake/export_turtlesim__rosidl_generator_cExport.cmake
[37.048s] -- Installing: /home/sai/ros2_tutorials/install/turtlesim/share/turtlesim/cmake/export_turtlesim__rosidl_generator_cExport-noconfig.cmake
[37.049s] -- Installing: /home/sai/ros2_tutorials/install/turtlesim/share/turtlesim/cmake/export_turtlesim__rosidl_typesupport_fastrtps_cExport.cmake
[37.049s] -- Installing: /home/sai/ros2_tutorials/install/turtlesim/share/turtlesim/cmake/export_turtlesim__rosidl_typesupport_fastrtps_cExport-noconfig.cmake
[37.049s] -- Installing: /home/sai/ros2_tutorials/install/turtlesim/share/turtlesim/cmake/export_turtlesim__rosidl_generator_cppExport.cmake
[37.049s] -- Installing: /home/sai/ros2_tutorials/install/turtlesim/share/turtlesim/cmake/export_turtlesim__rosidl_typesupport_fastrtps_cppExport.cmake
[37.049s] -- Installing: /home/sai/ros2_tutorials/install/turtlesim/share/turtlesim/cmake/export_turtlesim__rosidl_typesupport_fastrtps_cppExport-noconfig.cmake
[37.049s] -- Installing: /home/sai/ros2_tutorials/install/turtlesim/share/turtlesim/cmake/turtlesim__rosidl_typesupport_introspection_cExport.cmake
[37.049s] -- Installing: /home/sai/ros2_tutorials/install/turtlesim/share/turtlesim/cmake/turtlesim__rosidl_typesupport_introspection_cExport-noconfig.cmake
[37.049s] -- Installing: /home/sai/ros2_tutorials/install/turtlesim/share/turtlesim/cmake/turtlesim__rosidl_typesupport_cExport.cmake
[37.050s] -- Installing: /home/sai/ros2_tutorials/install/turtlesim/share/turtlesim/cmake/turtlesim__rosidl_typesupport_cExport-noconfig.cmake
[37.050s] -- Installing: /home/sai/ros2_tutorials/install/turtlesim/share/turtlesim/cmake/turtlesim__rosidl_typesupport_introspection_cppExport.cmake
[37.050s] -- Installing: /home/sai/ros2_tutorials/install/turtlesim/share/turtlesim/cmake/turtlesim__rosidl_typesupport_introspection_cppExport-noconfig.cmake
[37.050s] -- Installing: /home/sai/ros2_tutorials/install/turtlesim/share/turtlesim/cmake/turtlesim__rosidl_typesupport_cppExport.cmake
[37.050s] -- Installing: /home/sai/ros2_tutorials/install/turtlesim/share/turtlesim/cmake/turtlesim__rosidl_typesupport_cppExport-noconfig.cmake
[37.050s] -- Installing: /home/sai/ros2_tutorials/install/turtlesim/share/turtlesim/cmake/export_turtlesim__rosidl_generator_pyExport.cmake
[37.050s] -- Installing: /home/sai/ros2_tutorials/install/turtlesim/share/turtlesim/cmake/export_turtlesim__rosidl_generator_pyExport-noconfig.cmake
[37.051s] -- Installing: /home/sai/ros2_tutorials/install/turtlesim/share/turtlesim/cmake/rosidl_cmake-extras.cmake
[37.051s] -- Installing: /home/sai/ros2_tutorials/install/turtlesim/share/turtlesim/cmake/ament_cmake_export_dependencies-extras.cmake
[37.051s] -- Installing: /home/sai/ros2_tutorials/install/turtlesim/share/turtlesim/cmake/ament_cmake_export_include_directories-extras.cmake
[37.051s] -- Installing: /home/sai/ros2_tutorials/install/turtlesim/share/turtlesim/cmake/ament_cmake_export_libraries-extras.cmake
[37.051s] -- Installing: /home/sai/ros2_tutorials/install/turtlesim/share/turtlesim/cmake/ament_cmake_export_targets-extras.cmake
[37.051s] -- Installing: /home/sai/ros2_tutorials/install/turtlesim/share/turtlesim/cmake/rosidl_cmake_export_typesupport_targets-extras.cmake
[37.051s] -- Installing: /home/sai/ros2_tutorials/install/turtlesim/share/turtlesim/cmake/rosidl_cmake_export_typesupport_libraries-extras.cmake
[37.052s] -- Installing: /home/sai/ros2_tutorials/install/turtlesim/share/turtlesim/cmake/turtlesimConfig.cmake
[37.052s] -- Installing: /home/sai/ros2_tutorials/install/turtlesim/share/turtlesim/cmake/turtlesimConfig-version.cmake
[37.052s] -- Installing: /home/sai/ros2_tutorials/install/turtlesim/share/turtlesim/package.xml
[37.053s] Invoked command in '/home/sai/ros2_tutorials/build/turtlesim' returned '0': CMAKE_PREFIX_PATH=${CMAKE_PREFIX_PATH}:/opt/ros/jazzy DEBUGINFOD_URLS=https://debuginfod.ubuntu.com /usr/bin/cmake --install /home/sai/ros2_tutorials/build/turtlesim
