[3.818s] Invoking command in '/home/sai/ros2_tutorials/src/my_package': DEBUGINFOD_URLS=https://debuginfod.ubuntu.com PYTHONPATH=/home/sai/ros2_tutorials/build/my_package/prefix_override:/usr/lib/python3/dist-packages/colcon_core/task/python/colcon_distutils_commands:/home/sai/ros2_tutorials/install/my_package/lib/python3.12/site-packages:${PYTHONPATH} /usr/bin/python3 -W ignore:setup.py install is deprecated -W ignore:easy_install command is deprecated setup.py egg_info --egg-base ../../build/my_package build --build-base /home/sai/ros2_tutorials/build/my_package/build install --record /home/sai/ros2_tutorials/build/my_package/install.log --single-version-externally-managed install_data
[4.070s] running egg_info
[4.071s] creating ../../build/my_package/my_package.egg-info
[4.089s] writing ../../build/my_package/my_package.egg-info/PKG-INFO
[4.089s] writing dependency_links to ../../build/my_package/my_package.egg-info/dependency_links.txt
[4.090s] writing entry points to ../../build/my_package/my_package.egg-info/entry_points.txt
[4.090s] writing requirements to ../../build/my_package/my_package.egg-info/requires.txt
[4.090s] writing top-level names to ../../build/my_package/my_package.egg-info/top_level.txt
[4.090s] writing manifest file '../../build/my_package/my_package.egg-info/SOURCES.txt'
[4.129s] reading manifest file '../../build/my_package/my_package.egg-info/SOURCES.txt'
[4.129s] adding license file 'LICENSE'
[4.130s] writing manifest file '../../build/my_package/my_package.egg-info/SOURCES.txt'
[4.130s] running build
[4.130s] running build_py
[4.130s] creating /home/sai/ros2_tutorials/build/my_package/build
[4.130s] creating /home/sai/ros2_tutorials/build/my_package/build/lib
[4.130s] creating /home/sai/ros2_tutorials/build/my_package/build/lib/my_package
[4.130s] copying my_package/__init__.py -> /home/sai/ros2_tutorials/build/my_package/build/lib/my_package
[4.131s] copying my_package/my_node.py -> /home/sai/ros2_tutorials/build/my_package/build/lib/my_package
[4.131s] running install
[4.137s] running install_lib
[4.156s] creating /home/sai/ros2_tutorials/install/my_package/lib/python3.12/site-packages/my_package
[4.156s] copying /home/sai/ros2_tutorials/build/my_package/build/lib/my_package/__init__.py -> /home/sai/ros2_tutorials/install/my_package/lib/python3.12/site-packages/my_package
[4.156s] copying /home/sai/ros2_tutorials/build/my_package/build/lib/my_package/my_node.py -> /home/sai/ros2_tutorials/install/my_package/lib/python3.12/site-packages/my_package
[4.157s] byte-compiling /home/sai/ros2_tutorials/install/my_package/lib/python3.12/site-packages/my_package/__init__.py to __init__.cpython-312.pyc
[4.157s] byte-compiling /home/sai/ros2_tutorials/install/my_package/lib/python3.12/site-packages/my_package/my_node.py to my_node.cpython-312.pyc
[4.157s] running install_data
[4.157s] creating /home/sai/ros2_tutorials/install/my_package/share/ament_index
[4.157s] creating /home/sai/ros2_tutorials/install/my_package/share/ament_index/resource_index
[4.157s] creating /home/sai/ros2_tutorials/install/my_package/share/ament_index/resource_index/packages
[4.157s] copying resource/my_package -> /home/sai/ros2_tutorials/install/my_package/share/ament_index/resource_index/packages
[4.157s] copying package.xml -> /home/sai/ros2_tutorials/install/my_package/share/my_package
[4.158s] running install_egg_info
[4.180s] Copying ../../build/my_package/my_package.egg-info to /home/sai/ros2_tutorials/install/my_package/lib/python3.12/site-packages/my_package-0.0.0-py3.12.egg-info
[4.181s] running install_scripts
[4.309s] Installing my_node script to /home/sai/ros2_tutorials/install/my_package/lib/my_package
[4.309s] writing list of installed files to '/home/sai/ros2_tutorials/build/my_package/install.log'
[4.334s] Invoked command in '/home/sai/ros2_tutorials/src/my_package' returned '0': DEBUGINFOD_URLS=https://debuginfod.ubuntu.com PYTHONPATH=/home/sai/ros2_tutorials/build/my_package/prefix_override:/usr/lib/python3/dist-packages/colcon_core/task/python/colcon_distutils_commands:/home/sai/ros2_tutorials/install/my_package/lib/python3.12/site-packages:${PYTHONPATH} /usr/bin/python3 -W ignore:setup.py install is deprecated -W ignore:easy_install command is deprecated setup.py egg_info --egg-base ../../build/my_package build --build-base /home/sai/ros2_tutorials/build/my_package/build install --record /home/sai/ros2_tutorials/build/my_package/install.log --single-version-externally-managed install_data
